2024-02-09 15:06:36 ERROR No line found
java.util.NoSuchElementException: No line found
	at java.base/java.util.Scanner.nextLine(Scanner.java:1660)
	at user_interface.menus.Menu.printMenuScanAndReturnOption(Menu.java:33)
	at user_interface.menus.MainMenuSystem.open(MainMenuSystem.java:24)
	at user_interface.UserInterface.start(UserInterface.java:17)
	at Main.main(Main.java:6)
2024-02-09 15:10:48 DEBUG Program started!
2024-02-09 15:11:36 ERROR No line found
java.util.NoSuchElementException: No line found
	at java.base/java.util.Scanner.nextLine(Scanner.java:1660)
	at user_interface.menus.Menu.printMenuScanAndReturnOption(Menu.java:33)
	at user_interface.menus.MainMenuSystem.open(MainMenuSystem.java:24)
	at user_interface.UserInterface.start(UserInterface.java:17)
	at Main.main(Main.java:6)
2024-02-09 15:13:17 ERROR No line found
java.util.NoSuchElementException: No line found
	at java.base/java.util.Scanner.nextLine(Scanner.java:1660)
	at user_interface.menus.Menu.printMenuScanAndReturnOption(Menu.java:33)
	at user_interface.menus.MainMenuSystem.open(MainMenuSystem.java:24)
	at user_interface.UserInterface.start(UserInterface.java:17)
	at Main.main(Main.java:6)
2024-02-09 15:13:41 ERROR No line found
java.util.NoSuchElementException: No line found
	at java.base/java.util.Scanner.nextLine(Scanner.java:1660)
	at user_interface.menus.Menu.printMenuScanAndReturnOption(Menu.java:33)
	at user_interface.menus.MainMenuSystem.open(MainMenuSystem.java:24)
	at user_interface.UserInterface.start(UserInterface.java:17)
	at Main.main(Main.java:6)
2024-02-09 15:13:43 DEBUG Program started!
2024-02-09 15:16:19 ERROR No line found
java.util.NoSuchElementException: No line found
	at java.base/java.util.Scanner.nextLine(Scanner.java:1660)
	at user_interface.menus.Menu.printMenuScanAndReturnOption(Menu.java:33)
	at user_interface.menus.MainMenuSystem.open(MainMenuSystem.java:24)
	at user_interface.UserInterface.start(UserInterface.java:17)
	at Main.main(Main.java:6)
2024-02-09 15:16:21 DEBUG Program started!
2024-02-09 15:16:30 ERROR No line found
java.util.NoSuchElementException: No line found
	at java.base/java.util.Scanner.nextLine(Scanner.java:1660)
	at user_interface.menus.Menu.printMenuScanAndReturnOption(Menu.java:33)
	at user_interface.menus.MainMenuSystem.open(MainMenuSystem.java:24)
	at user_interface.UserInterface.start(UserInterface.java:17)
	at Main.main(Main.java:6)
2024-02-09 15:16:32 DEBUG Program started!
